23:44:02 **** Incremental Build of configuration Debug for project main ****
make -j8 all 
arm-none-eabi-g++ "../Core/Src/connection.c" -mcpu=cortex-m0plus -std=gnu11 -g3 -DDEBUG -DSTM32C011x4 -DUSE_HAL_DRIVER -DSTM32C011xx -c -I../Core/Inc -I../Drivers/STM32C0xx_HAL_Driver/Inc -I../Drivers/STM32C0xx_HAL_Driver/Inc/Legacy -I../Drivers/CMSIS/Device/ST/STM32C0xx/Include -I../Drivers/CMSIS/Include -O0 -ffunction-sections -fdata-sections -Wall -fstack-usage -fcyclomatic-complexity -MMD -MP -MF"Core/Src/connection.d" -MT"Core/Src/connection.o" --specs=nano.specs -mfloat-abi=soft -mthumb -o "Core/Src/connection.o"
arm-none-eabi-gcc "../Core/Src/initial_operation.c" -mcpu=cortex-m0plus -std=gnu11 -g3 -DDEBUG -DSTM32C011x4 -DUSE_HAL_DRIVER -DSTM32C011xx -c -I../Core/Inc -I../Drivers/STM32C0xx_HAL_Driver/Inc -I../Drivers/STM32C0xx_HAL_Driver/Inc/Legacy -I../Drivers/CMSIS/Device/ST/STM32C0xx/Include -I../Drivers/CMSIS/Include -O0 -ffunction-sections -fdata-sections -Wall -fstack-usage -fcyclomatic-complexity -MMD -MP -MF"Core/Src/initial_operation.d" -MT"Core/Src/initial_operation.o" --specs=nano.specs -mfloat-abi=soft -mthumb -o "Core/Src/initial_operation.o"
arm-none-eabi-gcc "../Core/Src/main.c" -mcpu=cortex-m0plus -std=gnu11 -g3 -DDEBUG -DSTM32C011x4 -DUSE_HAL_DRIVER -DSTM32C011xx -c -I../Core/Inc -I../Drivers/STM32C0xx_HAL_Driver/Inc -I../Drivers/STM32C0xx_HAL_Driver/Inc/Legacy -I../Drivers/CMSIS/Device/ST/STM32C0xx/Include -I../Drivers/CMSIS/Include -O0 -ffunction-sections -fdata-sections -Wall -fstack-usage -fcyclomatic-complexity -MMD -MP -MF"Core/Src/main.d" -MT"Core/Src/main.o" --specs=nano.specs -mfloat-abi=soft -mthumb -o "Core/Src/main.o"
arm-none-eabi-gcc "../Core/Src/stm32c0xx_hal_msp.c" -mcpu=cortex-m0plus -std=gnu11 -g3 -DDEBUG -DSTM32C011x4 -DUSE_HAL_DRIVER -DSTM32C011xx -c -I../Core/Inc -I../Drivers/STM32C0xx_HAL_Driver/Inc -I../Drivers/STM32C0xx_HAL_Driver/Inc/Legacy -I../Drivers/CMSIS/Device/ST/STM32C0xx/Include -I../Drivers/CMSIS/Include -O0 -ffunction-sections -fdata-sections -Wall -fstack-usage -fcyclomatic-complexity -MMD -MP -MF"Core/Src/stm32c0xx_hal_msp.d" -MT"Core/Src/stm32c0xx_hal_msp.o" --specs=nano.specs -mfloat-abi=soft -mthumb -o "Core/Src/stm32c0xx_hal_msp.o"
cc1plus.exe: warning: command-line option '-std=gnu11' is valid for C/ObjC but not for C++
arm-none-eabi-gcc "../Core/Src/stm32c0xx_it.c" -mcpu=cortex-m0plus -std=gnu11 -g3 -DDEBUG -DSTM32C011x4 -DUSE_HAL_DRIVER -DSTM32C011xx -c -I../Core/Inc -I../Drivers/STM32C0xx_HAL_Driver/Inc -I../Drivers/STM32C0xx_HAL_Driver/Inc/Legacy -I../Drivers/CMSIS/Device/ST/STM32C0xx/Include -I../Drivers/CMSIS/Include -O0 -ffunction-sections -fdata-sections -Wall -fstack-usage -fcyclomatic-complexity -MMD -MP -MF"Core/Src/stm32c0xx_it.d" -MT"Core/Src/stm32c0xx_it.o" --specs=nano.specs -mfloat-abi=soft -mthumb -o "Core/Src/stm32c0xx_it.o"
arm-none-eabi-gcc "../Core/Src/syscalls.c" -mcpu=cortex-m0plus -std=gnu11 -g3 -DDEBUG -DSTM32C011x4 -DUSE_HAL_DRIVER -DSTM32C011xx -c -I../Core/Inc -I../Drivers/STM32C0xx_HAL_Driver/Inc -I../Drivers/STM32C0xx_HAL_Driver/Inc/Legacy -I../Drivers/CMSIS/Device/ST/STM32C0xx/Include -I../Drivers/CMSIS/Include -O0 -ffunction-sections -fdata-sections -Wall -fstack-usage -fcyclomatic-complexity -MMD -MP -MF"Core/Src/syscalls.d" -MT"Core/Src/syscalls.o" --specs=nano.specs -mfloat-abi=soft -mthumb -o "Core/Src/syscalls.o"
arm-none-eabi-gcc "../Core/Src/sysmem.c" -mcpu=cortex-m0plus -std=gnu11 -g3 -DDEBUG -DSTM32C011x4 -DUSE_HAL_DRIVER -DSTM32C011xx -c -I../Core/Inc -I../Drivers/STM32C0xx_HAL_Driver/Inc -I../Drivers/STM32C0xx_HAL_Driver/Inc/Legacy -I../Drivers/CMSIS/Device/ST/STM32C0xx/Include -I../Drivers/CMSIS/Include -O0 -ffunction-sections -fdata-sections -Wall -fstack-usage -fcyclomatic-complexity -MMD -MP -MF"Core/Src/sysmem.d" -MT"Core/Src/sysmem.o" --specs=nano.specs -mfloat-abi=soft -mthumb -o "Core/Src/sysmem.o"
arm-none-eabi-gcc "../Core/Src/system_stm32c0xx.c" -mcpu=cortex-m0plus -std=gnu11 -g3 -DDEBUG -DSTM32C011x4 -DUSE_HAL_DRIVER -DSTM32C011xx -c -I../Core/Inc -I../Drivers/STM32C0xx_HAL_Driver/Inc -I../Drivers/STM32C0xx_HAL_Driver/Inc/Legacy -I../Drivers/CMSIS/Device/ST/STM32C0xx/Include -I../Drivers/CMSIS/Include -O0 -ffunction-sections -fdata-sections -Wall -fstack-usage -fcyclomatic-complexity -MMD -MP -MF"Core/Src/system_stm32c0xx.d" -MT"Core/Src/system_stm32c0xx.o" --specs=nano.specs -mfloat-abi=soft -mthumb -o "Core/Src/system_stm32c0xx.o"
In file included from ../Core/Src/main.c:27:
../Core/Src/../../../../../components/Stepper-STM32/src/Stepper.h:98:3: error: conflicting types for 'GPIO_TypeDef'; have 'struct <anonymous>'
   98 | } GPIO_TypeDef;
      |   ^~~~~~~~~~~~
In file included from ../Drivers/CMSIS/Device/ST/STM32C0xx/Include/stm32c0xx.h:103,
                 from ../Drivers/STM32C0xx_HAL_Driver/Inc/stm32c0xx_ll_system.h:40,
                 from ../Drivers/STM32C0xx_HAL_Driver/Inc/stm32c0xx_hal.h:29,
                 from ../Core/Inc/main.h:30,
                 from ../Core/Src/main.c:20:
../Drivers/CMSIS/Device/ST/STM32C0xx/Include/stm32c011xx.h:273:3: note: previous declaration of 'GPIO_TypeDef' with type 'GPIO_TypeDef'
  273 | } GPIO_TypeDef;
      |   ^~~~~~~~~~~~
../Core/Src/main.c: In function 'main':
../Core/Src/main.c:81:9: error: unknown type name 'Stepper'; did you mean 'Stepper_t'?
   81 |         Stepper myStepper;
      |         ^~~~~~~
      |         Stepper_t
../Core/Src/main.c:82:27: warning: passing argument 1 of 'Stepper_init_4pin' from incompatible pointer type [-Wincompatible-pointer-types]
   82 |         Stepper_init_4pin(&myStepper, MOTOR_STEPS ,STEPPER_GPIO,STEPPER_A, STEPPER_C, STEPPER_B, STEPPER_D);
      |                           ^~~~~~~~~~
      |                           |
      |                           int *
../Core/Src/../../../../../components/Stepper-STM32/src/Stepper.h:126:35: note: expected 'Stepper_t *' but argument is of type 'int *'
  126 | void Stepper_init_4pin(Stepper_t *stepper, int number_of_steps, GPIO_TypeDef *motor_GPIO,
      |                        ~~~~~~~~~~~^~~~~~~
../Core/Src/main.c:83:27: error: 'myMotor' undeclared (first use in this function)
   83 |         Stepper_setSpeed(&myMotor, 10);
      |                           ^~~~~~~
../Core/Src/main.c:83:27: note: each undeclared identifier is reported only once for each function it appears in
../Core/Src/main.c:112:24: warning: passing argument 1 of 'Stepper_step' from incompatible pointer type [-Wincompatible-pointer-types]
  112 |           Stepper_step(&myStepper, 200);
      |                        ^~~~~~~~~~
      |                        |
      |                        int *
../Core/Src/../../../../../components/Stepper-STM32/src/Stepper.h:137:30: note: expected 'Stepper_t *' but argument is of type 'int *'
  137 | void Stepper_step(Stepper_t *stepper, int number_of_steps);
      |                   ~~~~~~~~~~~^~~~~~~
../Core/Src/main.c: In function 'MX_GPIO_Init':
../Drivers/CMSIS/Device/ST/STM32C0xx/Include/stm32c011xx.h:604:29: warning: passing argument 1 of 'HAL_GPIO_WritePin' from incompatible pointer type [-Wincompatible-pointer-types]
  604 | #define GPIOA               ((GPIO_TypeDef *) GPIOA_BASE)
      |                             ^~~~~~~~~~~~~~~~~~~~~~~~~~~~~
      |                             |
      |                             GPIO_TypeDef *
../Core/Src/main.c:226:21: note: in expansion of macro 'GPIOA'
  226 |   HAL_GPIO_WritePin(GPIOA, GPIO_PIN_8|GPIO_PIN_11|GPIO_PIN_12, GPIO_PIN_RESET);
      |                     ^~~~~
In file included from ../Core/Inc/stm32c0xx_hal_conf.h:171,
                 from ../Drivers/STM32C0xx_HAL_Driver/Inc/stm32c0xx_hal.h:30:
../Drivers/STM32C0xx_HAL_Driver/Inc/stm32c0xx_hal_gpio.h:325:51: note: expected 'GPIO_TypeDef *' but argument is of type 'GPIO_TypeDef *'
  325 | void              HAL_GPIO_WritePin(GPIO_TypeDef *GPIOx, uint16_t GPIO_Pin, GPIO_PinState PinState);
      |                                     ~~~~~~~~~~~~~~^~~~~
../Drivers/CMSIS/Device/ST/STM32C0xx/Include/stm32c011xx.h:604:29: warning: passing argument 1 of 'HAL_GPIO_Init' from incompatible pointer type [-Wincompatible-pointer-types]
  604 | #define GPIOA               ((GPIO_TypeDef *) GPIOA_BASE)
      |                             ^~~~~~~~~~~~~~~~~~~~~~~~~~~~~
      |                             |
      |                             GPIO_TypeDef *
../Core/Src/main.c:234:17: note: in expansion of macro 'GPIOA'
  234 |   HAL_GPIO_Init(GPIOA, &GPIO_InitStruct);
      |                 ^~~~~
../Drivers/STM32C0xx_HAL_Driver/Inc/stm32c0xx_hal_gpio.h:311:48: note: expected 'GPIO_TypeDef *' but argument is of type 'GPIO_TypeDef *'
  311 | void              HAL_GPIO_Init(GPIO_TypeDef  *GPIOx, const GPIO_InitTypeDef *pGPIO_Init);
      |                                 ~~~~~~~~~~~~~~~^~~~~
../Drivers/CMSIS/Device/ST/STM32C0xx/Include/stm32c011xx.h:604:29: warning: passing argument 1 of 'HAL_GPIO_Init' from incompatible pointer type [-Wincompatible-pointer-types]
  604 | #define GPIOA               ((GPIO_TypeDef *) GPIOA_BASE)
      |                             ^~~~~~~~~~~~~~~~~~~~~~~~~~~~~
      |                             |
      |                             GPIO_TypeDef *
../Core/Src/main.c:242:17: note: in expansion of macro 'GPIOA'
  242 |   HAL_GPIO_Init(GPIOA, &GPIO_InitStruct);
      |                 ^~~~~
../Drivers/STM32C0xx_HAL_Driver/Inc/stm32c0xx_hal_gpio.h:311:48: note: expected 'GPIO_TypeDef *' but argument is of type 'GPIO_TypeDef *'
  311 | void              HAL_GPIO_Init(GPIO_TypeDef  *GPIOx, const GPIO_InitTypeDef *pGPIO_Init);
      |                                 ~~~~~~~~~~~~~~~^~~~~
../Drivers/CMSIS/Device/ST/STM32C0xx/Include/stm32c011xx.h:604:29: warning: passing argument 1 of 'HAL_GPIO_Init' from incompatible pointer type [-Wincompatible-pointer-types]
  604 | #define GPIOA               ((GPIO_TypeDef *) GPIOA_BASE)
      |                             ^~~~~~~~~~~~~~~~~~~~~~~~~~~~~
      |                             |
      |                             GPIO_TypeDef *
../Core/Src/main.c:250:17: note: in expansion of macro 'GPIOA'
  250 |   HAL_GPIO_Init(GPIOA, &GPIO_InitStruct);
      |                 ^~~~~
../Drivers/STM32C0xx_HAL_Driver/Inc/stm32c0xx_hal_gpio.h:311:48: note: expected 'GPIO_TypeDef *' but argument is of type 'GPIO_TypeDef *'
  311 | void              HAL_GPIO_Init(GPIO_TypeDef  *GPIOx, const GPIO_InitTypeDef *pGPIO_Init);
      |                                 ~~~~~~~~~~~~~~~^~~~~
../Drivers/CMSIS/Device/ST/STM32C0xx/Include/stm32c011xx.h:604:29: warning: passing argument 1 of 'HAL_GPIO_Init' from incompatible pointer type [-Wincompatible-pointer-types]
  604 | #define GPIOA               ((GPIO_TypeDef *) GPIOA_BASE)
      |                             ^~~~~~~~~~~~~~~~~~~~~~~~~~~~~
      |                             |
      |                             GPIO_TypeDef *
../Core/Src/main.c:258:17: note: in expansion of macro 'GPIOA'
  258 |   HAL_GPIO_Init(GPIOA, &GPIO_InitStruct);
      |                 ^~~~~
../Drivers/STM32C0xx_HAL_Driver/Inc/stm32c0xx_hal_gpio.h:311:48: note: expected 'GPIO_TypeDef *' but argument is of type 'GPIO_TypeDef *'
  311 | void              HAL_GPIO_Init(GPIO_TypeDef  *GPIOx, const GPIO_InitTypeDef *pGPIO_Init);
      |                                 ~~~~~~~~~~~~~~~^~~~~
../Drivers/CMSIS/Device/ST/STM32C0xx/Include/stm32c011xx.h:604:29: warning: passing argument 1 of 'HAL_GPIO_Init' from incompatible pointer type [-Wincompatible-pointer-types]
  604 | #define GPIOA               ((GPIO_TypeDef *) GPIOA_BASE)
      |                             ^~~~~~~~~~~~~~~~~~~~~~~~~~~~~
      |                             |
      |                             GPIO_TypeDef *
../Core/Src/main.c:265:17: note: in expansion of macro 'GPIOA'
  265 |   HAL_GPIO_Init(GPIOA, &GPIO_InitStruct);
      |                 ^~~~~
../Drivers/STM32C0xx_HAL_Driver/Inc/stm32c0xx_hal_gpio.h:311:48: note: expected 'GPIO_TypeDef *' but argument is of type 'GPIO_TypeDef *'
  311 | void              HAL_GPIO_Init(GPIO_TypeDef  *GPIOx, const GPIO_InitTypeDef *pGPIO_Init);
      |                                 ~~~~~~~~~~~~~~~^~~~~
make: *** [Core/Src/subdir.mk:42: Core/Src/main.o] Error 1
make: *** Waiting for unfinished jobs....
"make -j8 all" terminated with exit code 2. Build might be incomplete.

23:44:04 Build Failed. 5 errors, 8 warnings. (took 1s.762ms)

